<?xml version="1.0" encoding="UTF-8"?>
<testng-results ignored="0" total="1" passed="1" failed="0" skipped="0">
  <reporter-output>
  </reporter-output>
  <suite started-at="2024-09-10T18:14:36 IST" name="Demo SauceLabs" finished-at="2024-09-10T18:14:47 IST" duration-ms="11499">
    <groups>
    </groups>
    <test started-at="2024-09-10T18:14:36 IST" name="Demo Tests for SauceLabs" finished-at="2024-09-10T18:14:47 IST" duration-ms="11499">
      <class name="demo.sauceLabs.pom.tests.OrderPlaceTests">
        <test-method is-config="true" signature="startDriverInit(java.lang.String)[pri:0, instance:demo.sauceLabs.pom.tests.OrderPlaceTests@7ae0a9ec]" started-at="2024-09-10T18:14:36 IST" name="startDriverInit" finished-at="2024-09-10T18:14:36 IST" duration-ms="16" status="PASS">
          <params>
            <param index="0">
              <value>
                <![CDATA[CHROME]]>
              </value>
            </param>
          </params>
          <reporter-output>
          </reporter-output>
        </test-method> <!-- startDriverInit -->
        <test-method is-config="true" signature="startDriver(java.lang.String)[pri:0, instance:demo.sauceLabs.pom.tests.OrderPlaceTests@7ae0a9ec]" started-at="2024-09-10T18:14:36 IST" name="startDriver" finished-at="2024-09-10T18:14:38 IST" duration-ms="2129" status="PASS">
          <params>
            <param index="0">
              <value>
                <![CDATA[CHROME]]>
              </value>
            </param>
          </params>
          <reporter-output>
          </reporter-output>
        </test-method> <!-- startDriver -->
        <test-method signature="addToCart()[pri:0, instance:demo.sauceLabs.pom.tests.OrderPlaceTests@7ae0a9ec]" started-at="2024-09-10T18:14:38 IST" name="addToCart" description="Verify that user can Add Items to Cart, Enter Address Details and Place Order" finished-at="2024-09-10T18:14:47 IST" duration-ms="9174" status="PASS">
          <reporter-output>
          </reporter-output>
        </test-method> <!-- addToCart -->
        <test-method is-config="true" signature="tearDown(java.lang.String)[pri:0, instance:demo.sauceLabs.pom.tests.OrderPlaceTests@7ae0a9ec]" started-at="2024-09-10T18:14:47 IST" name="tearDown" finished-at="2024-09-10T18:14:47 IST" duration-ms="144" status="PASS">
          <params>
            <param index="0">
              <value is-null="true"/>
            </param>
          </params>
          <reporter-output>
          </reporter-output>
        </test-method> <!-- tearDown -->
        <test-method is-config="true" signature="afterSuite(java.lang.String)[pri:0, instance:demo.sauceLabs.pom.tests.OrderPlaceTests@7ae0a9ec]" started-at="2024-09-10T18:14:47 IST" name="afterSuite" finished-at="2024-09-10T18:14:47 IST" duration-ms="4" status="PASS">
          <params>
            <param index="0">
              <value is-null="true"/>
            </param>
          </params>
          <reporter-output>
          </reporter-output>
        </test-method> <!-- afterSuite -->
      </class> <!-- demo.sauceLabs.pom.tests.OrderPlaceTests -->
    </test> <!-- Demo Tests for SauceLabs -->
  </suite> <!-- Demo SauceLabs -->
</testng-results>
